<?xml version="1.0" encoding="UTF-8"?>
<testsuite xmlns:xsi="http://www.w3.org/2001/XMLSchema-instance" xsi:noNamespaceSchemaLocation="https://maven.apache.org/surefire/maven-surefire-plugin/xsd/surefire-test-report.xsd" version="3.0.1" name="org.car_factory_rest.car_factory_rest.AppTest" time="0.044" tests="1" errors="0" skipped="0" failures="0">
  <properties>
    <property name="java.specification.version" value="17"/>
    <property name="sun.cpu.isalist" value="amd64"/>
    <property name="sun.jnu.encoding" value="Cp1251"/>
    <property name="java.class.path" value="C:\Users\DANIIL\eclipse-workspace\car-factory\car-factory-rest\target\test-classes;C:\Users\DANIIL\eclipse-workspace\car-factory\car-factory-rest\target\classes;C:\Users\DANIIL\eclipse-workspace\car-factory\car-factory-logic\target\car-factory-logic.jar;C:\Users\DANIIL\.m2\repository\junit\junit\4.13.2\junit-4.13.2.jar;C:\Users\DANIIL\.m2\repository\org\hamcrest\hamcrest-core\1.3\hamcrest-core-1.3.jar;C:\Users\DANIIL\.m2\repository\javax\javaee-api\7.0\javaee-api-7.0.jar;C:\Users\DANIIL\.m2\repository\com\sun\mail\javax.mail\1.5.0\javax.mail-1.5.0.jar;C:\Users\DANIIL\.m2\repository\org\jboss\spec\javax\annotation\jboss-annotations-api_1.2_spec\1.0.0.Final\jboss-annotations-api_1.2_spec-1.0.0.Final.jar;C:\Users\DANIIL\.m2\repository\javax\ws\rs\javax.ws.rs-api\2.0.1\javax.ws.rs-api-2.0.1.jar;C:\Users\DANIIL\.m2\repository\org\thymeleaf\thymeleaf\2.1.4.RELEASE\thymeleaf-2.1.4.RELEASE.jar;C:\Users\DANIIL\.m2\repository\ognl\ognl\3.0.8\ognl-3.0.8.jar;C:\Users\DANIIL\.m2\repository\org\javassist\javassist\3.16.1-GA\javassist-3.16.1-GA.jar;C:\Users\DANIIL\.m2\repository\org\unbescape\unbescape\1.1.0.RELEASE\unbescape-1.1.0.RELEASE.jar;C:\Users\DANIIL\.m2\repository\org\slf4j\slf4j-api\1.6.6\slf4j-api-1.6.6.jar;C:\Users\DANIIL\.m2\repository\javax\transaction\jta\1.1\jta-1.1.jar;C:\Users\DANIIL\.m2\repository\javax\mail\mail\1.5.0-b01\mail-1.5.0-b01.jar;C:\Users\DANIIL\.m2\repository\javax\activation\activation\1.1\activation-1.1.jar;C:\Users\DANIIL\.m2\repository\com\h2database\h2\1.4.190\h2-1.4.190.jar;C:\Users\DANIIL\.m2\repository\org\glassfish\grizzly\grizzly-http-server\2.3.24\grizzly-http-server-2.3.24.jar;C:\Users\DANIIL\.m2\repository\org\glassfish\grizzly\grizzly-http\2.3.24\grizzly-http-2.3.24.jar;C:\Users\DANIIL\.m2\repository\org\glassfish\grizzly\grizzly-framework\2.3.24\grizzly-framework-2.3.24.jar;C:\Users\DANIIL\.m2\repository\org\glassfish\jersey\containers\jersey-container-grizzly2-http\2.0-m05-2\jersey-container-grizzly2-http-2.0-m05-2.jar;C:\Users\DANIIL\.m2\repository\org\glassfish\jersey\core\jersey-common\2.0-m05-2\jersey-common-2.0-m05-2.jar;C:\Users\DANIIL\.m2\repository\org\glassfish\jersey\core\jersey-server\2.0-m05-2\jersey-server-2.0-m05-2.jar;C:\Users\DANIIL\.m2\repository\org\glassfish\jersey\media\jersey-media-json-jackson\2.22.1\jersey-media-json-jackson-2.22.1.jar;C:\Users\DANIIL\.m2\repository\org\glassfish\jersey\ext\jersey-entity-filtering\2.22.1\jersey-entity-filtering-2.22.1.jar;C:\Users\DANIIL\.m2\repository\com\fasterxml\jackson\jaxrs\jackson-jaxrs-base\2.5.4\jackson-jaxrs-base-2.5.4.jar;C:\Users\DANIIL\.m2\repository\com\fasterxml\jackson\core\jackson-core\2.5.4\jackson-core-2.5.4.jar;C:\Users\DANIIL\.m2\repository\com\fasterxml\jackson\core\jackson-databind\2.5.4\jackson-databind-2.5.4.jar;C:\Users\DANIIL\.m2\repository\com\fasterxml\jackson\jaxrs\jackson-jaxrs-json-provider\2.5.4\jackson-jaxrs-json-provider-2.5.4.jar;C:\Users\DANIIL\.m2\repository\com\fasterxml\jackson\module\jackson-module-jaxb-annotations\2.5.4\jackson-module-jaxb-annotations-2.5.4.jar;C:\Users\DANIIL\.m2\repository\com\fasterxml\jackson\core\jackson-annotations\2.5.4\jackson-annotations-2.5.4.jar;C:\Users\DANIIL\.m2\repository\org\glassfish\jersey\core\jersey-client\2.0-m05-2\jersey-client-2.0-m05-2.jar;C:\Users\DANIIL\.m2\repository\com\googlecode\guava-osgi\guava-osgi\11.0.1\guava-osgi-11.0.1.jar;C:\Users\DANIIL\.m2\repository\org\glassfish\hk2\hk2-api\2.1.17\hk2-api-2.1.17.jar;C:\Users\DANIIL\.m2\repository\org\glassfish\hk2\osgi-resource-locator\1.0.1\osgi-resource-locator-1.0.1.jar;C:\Users\DANIIL\.m2\repository\javax\inject\javax.inject\1\javax.inject-1.jar;C:\Users\DANIIL\.m2\repository\org\glassfish\hk2\hk2-utils\2.1.17\hk2-utils-2.1.17.jar;C:\Users\DANIIL\.m2\repository\org\glassfish\hk2\hk2-locator\2.1.17\hk2-locator-2.1.17.jar;C:\Users\DANIIL\.m2\repository\org\glassfish\hk2\external\javax.inject\2.1.17\javax.inject-2.1.17.jar;C:\Users\DANIIL\.m2\repository\org\glassfish\hk2\external\asm-all-repackaged\2.1.17\asm-all-repackaged-2.1.17.jar;C:\Users\DANIIL\.m2\repository\org\glassfish\hk2\external\cglib\2.1.17\cglib-2.1.17.jar;C:\Users\DANIIL\.m2\repository\org\hibernate\javax\persistence\hibernate-jpa-2.1-api\1.0.0.Final\hibernate-jpa-2.1-api-1.0.0.Final.jar;C:\Users\DANIIL\.m2\repository\org\jboss\spec\javax\ejb\jboss-ejb-api_3.2_spec\1.0.0.Final\jboss-ejb-api_3.2_spec-1.0.0.Final.jar;C:\Users\DANIIL\.m2\repository\org\hibernate\validator\hibernate-validator\6.1.0.Final\hibernate-validator-6.1.0.Final.jar;C:\Users\DANIIL\.m2\repository\jakarta\validation\jakarta.validation-api\2.0.2\jakarta.validation-api-2.0.2.jar;C:\Users\DANIIL\.m2\repository\org\jboss\logging\jboss-logging\3.3.2.Final\jboss-logging-3.3.2.Final.jar;C:\Users\DANIIL\.m2\repository\com\fasterxml\classmate\1.3.4\classmate-1.3.4.jar;C:\Users\DANIIL\.m2\repository\org\hibernate\hibernate-entitymanager\5.0.5.Final\hibernate-entitymanager-5.0.5.Final.jar;C:\Users\DANIIL\.m2\repository\org\hibernate\hibernate-core\5.0.5.Final\hibernate-core-5.0.5.Final.jar;C:\Users\DANIIL\.m2\repository\antlr\antlr\2.7.7\antlr-2.7.7.jar;C:\Users\DANIIL\.m2\repository\org\jboss\jandex\2.0.0.Final\jandex-2.0.0.Final.jar;C:\Users\DANIIL\.m2\repository\dom4j\dom4j\1.6.1\dom4j-1.6.1.jar;C:\Users\DANIIL\.m2\repository\xml-apis\xml-apis\1.0.b2\xml-apis-1.0.b2.jar;C:\Users\DANIIL\.m2\repository\org\hibernate\common\hibernate-commons-annotations\5.0.1.Final\hibernate-commons-annotations-5.0.1.Final.jar;C:\Users\DANIIL\.m2\repository\org\jboss\spec\javax\faces\jboss-jsf-api_2.2_spec\2.2.13\jboss-jsf-api_2.2_spec-2.2.13.jar;C:\Users\DANIIL\.m2\repository\org\hibernate\hibernate-jpamodelgen\5.2.12.Final\hibernate-jpamodelgen-5.2.12.Final.jar;C:\Users\DANIIL\.m2\repository\org\hibernate\hibernate-validator-annotation-processor\5.1.3.Final\hibernate-validator-annotation-processor-5.1.3.Final.jar;C:\Users\DANIIL\.m2\repository\org\projectlombok\lombok\1.18.24\lombok-1.18.24.jar;C:\Users\DANIIL\.m2\repository\org\jboss\arquillian\junit\arquillian-junit-container\1.1.10.Final\arquillian-junit-container-1.1.10.Final.jar;C:\Users\DANIIL\.m2\repository\org\jboss\arquillian\junit\arquillian-junit-core\1.1.10.Final\arquillian-junit-core-1.1.10.Final.jar;C:\Users\DANIIL\.m2\repository\org\jboss\arquillian\test\arquillian-test-api\1.1.10.Final\arquillian-test-api-1.1.10.Final.jar;C:\Users\DANIIL\.m2\repository\org\jboss\arquillian\core\arquillian-core-api\1.1.10.Final\arquillian-core-api-1.1.10.Final.jar;C:\Users\DANIIL\.m2\repository\org\jboss\arquillian\test\arquillian-test-spi\1.1.10.Final\arquillian-test-spi-1.1.10.Final.jar;C:\Users\DANIIL\.m2\repository\org\jboss\arquillian\core\arquillian-core-spi\1.1.10.Final\arquillian-core-spi-1.1.10.Final.jar;C:\Users\DANIIL\.m2\repository\org\jboss\arquillian\container\arquillian-container-test-api\1.1.10.Final\arquillian-container-test-api-1.1.10.Final.jar;C:\Users\DANIIL\.m2\repository\org\jboss\shrinkwrap\shrinkwrap-api\1.2.2\shrinkwrap-api-1.2.2.jar;C:\Users\DANIIL\.m2\repository\org\jboss\arquillian\container\arquillian-container-test-spi\1.1.10.Final\arquillian-container-test-spi-1.1.10.Final.jar;C:\Users\DANIIL\.m2\repository\org\jboss\arquillian\core\arquillian-core-impl-base\1.1.10.Final\arquillian-core-impl-base-1.1.10.Final.jar;C:\Users\DANIIL\.m2\repository\org\jboss\arquillian\test\arquillian-test-impl-base\1.1.10.Final\arquillian-test-impl-base-1.1.10.Final.jar;C:\Users\DANIIL\.m2\repository\org\jboss\arquillian\container\arquillian-container-impl-base\1.1.10.Final\arquillian-container-impl-base-1.1.10.Final.jar;C:\Users\DANIIL\.m2\repository\org\jboss\arquillian\config\arquillian-config-api\1.1.10.Final\arquillian-config-api-1.1.10.Final.jar;C:\Users\DANIIL\.m2\repository\org\jboss\arquillian\config\arquillian-config-impl-base\1.1.10.Final\arquillian-config-impl-base-1.1.10.Final.jar;C:\Users\DANIIL\.m2\repository\org\jboss\arquillian\container\arquillian-container-test-impl-base\1.1.10.Final\arquillian-container-test-impl-base-1.1.10.Final.jar;C:\Users\DANIIL\.m2\repository\org\jboss\shrinkwrap\shrinkwrap-impl-base\1.2.2\shrinkwrap-impl-base-1.2.2.jar;C:\Users\DANIIL\.m2\repository\org\jboss\shrinkwrap\shrinkwrap-spi\1.2.2\shrinkwrap-spi-1.2.2.jar;C:\Users\DANIIL\.m2\repository\org\jboss\arquillian\protocol\arquillian-protocol-servlet\1.0.3.Final\arquillian-protocol-servlet-1.0.3.Final.jar;C:\Users\DANIIL\.m2\repository\org\jboss\arquillian\container\arquillian-container-spi\1.0.3.Final\arquillian-container-spi-1.0.3.Final.jar;C:\Users\DANIIL\.m2\repository\org\jboss\shrinkwrap\descriptors\shrinkwrap-descriptors-api-base\2.0.0-alpha-3\shrinkwrap-descriptors-api-base-2.0.0-alpha-3.jar;C:\Users\DANIIL\.m2\repository\org\jboss\shrinkwrap\descriptors\shrinkwrap-descriptors-spi\2.0.0-alpha-3\shrinkwrap-descriptors-spi-2.0.0-alpha-3.jar;"/>
    <property name="java.vm.vendor" value="Oracle Corporation"/>
    <property name="sun.arch.data.model" value="64"/>
    <property name="user.variant" value=""/>
    <property name="java.vendor.url" value="https://java.oracle.com/"/>
    <property name="user.timezone" value="Europe/Moscow"/>
    <property name="os.name" value="Windows 10"/>
    <property name="java.vm.specification.version" value="17"/>
    <property name="sun.java.launcher" value="SUN_STANDARD"/>
    <property name="user.country" value="US"/>
    <property name="sun.boot.library.path" value="C:\Program Files\Java\jdk-17\bin"/>
    <property name="sun.java.command" value="C:\Users\DANIIL\AppData\Local\Temp\surefire14318541304187134202\surefirebooter-20241021042540259_6.jar C:\Users\DANIIL\AppData\Local\Temp\surefire14318541304187134202 2024-10-21T04-25-35_782-jvmRun1 surefire-20241021042540259_4tmp surefire_1-20241021042540259_5tmp"/>
    <property name="jdk.debug" value="release"/>
    <property name="surefire.test.class.path" value="C:\Users\DANIIL\eclipse-workspace\car-factory\car-factory-rest\target\test-classes;C:\Users\DANIIL\eclipse-workspace\car-factory\car-factory-rest\target\classes;C:\Users\DANIIL\eclipse-workspace\car-factory\car-factory-logic\target\car-factory-logic.jar;C:\Users\DANIIL\.m2\repository\junit\junit\4.13.2\junit-4.13.2.jar;C:\Users\DANIIL\.m2\repository\org\hamcrest\hamcrest-core\1.3\hamcrest-core-1.3.jar;C:\Users\DANIIL\.m2\repository\javax\javaee-api\7.0\javaee-api-7.0.jar;C:\Users\DANIIL\.m2\repository\com\sun\mail\javax.mail\1.5.0\javax.mail-1.5.0.jar;C:\Users\DANIIL\.m2\repository\org\jboss\spec\javax\annotation\jboss-annotations-api_1.2_spec\1.0.0.Final\jboss-annotations-api_1.2_spec-1.0.0.Final.jar;C:\Users\DANIIL\.m2\repository\javax\ws\rs\javax.ws.rs-api\2.0.1\javax.ws.rs-api-2.0.1.jar;C:\Users\DANIIL\.m2\repository\org\thymeleaf\thymeleaf\2.1.4.RELEASE\thymeleaf-2.1.4.RELEASE.jar;C:\Users\DANIIL\.m2\repository\ognl\ognl\3.0.8\ognl-3.0.8.jar;C:\Users\DANIIL\.m2\repository\org\javassist\javassist\3.16.1-GA\javassist-3.16.1-GA.jar;C:\Users\DANIIL\.m2\repository\org\unbescape\unbescape\1.1.0.RELEASE\unbescape-1.1.0.RELEASE.jar;C:\Users\DANIIL\.m2\repository\org\slf4j\slf4j-api\1.6.6\slf4j-api-1.6.6.jar;C:\Users\DANIIL\.m2\repository\javax\transaction\jta\1.1\jta-1.1.jar;C:\Users\DANIIL\.m2\repository\javax\mail\mail\1.5.0-b01\mail-1.5.0-b01.jar;C:\Users\DANIIL\.m2\repository\javax\activation\activation\1.1\activation-1.1.jar;C:\Users\DANIIL\.m2\repository\com\h2database\h2\1.4.190\h2-1.4.190.jar;C:\Users\DANIIL\.m2\repository\org\glassfish\grizzly\grizzly-http-server\2.3.24\grizzly-http-server-2.3.24.jar;C:\Users\DANIIL\.m2\repository\org\glassfish\grizzly\grizzly-http\2.3.24\grizzly-http-2.3.24.jar;C:\Users\DANIIL\.m2\repository\org\glassfish\grizzly\grizzly-framework\2.3.24\grizzly-framework-2.3.24.jar;C:\Users\DANIIL\.m2\repository\org\glassfish\jersey\containers\jersey-container-grizzly2-http\2.0-m05-2\jersey-container-grizzly2-http-2.0-m05-2.jar;C:\Users\DANIIL\.m2\repository\org\glassfish\jersey\core\jersey-common\2.0-m05-2\jersey-common-2.0-m05-2.jar;C:\Users\DANIIL\.m2\repository\org\glassfish\jersey\core\jersey-server\2.0-m05-2\jersey-server-2.0-m05-2.jar;C:\Users\DANIIL\.m2\repository\org\glassfish\jersey\media\jersey-media-json-jackson\2.22.1\jersey-media-json-jackson-2.22.1.jar;C:\Users\DANIIL\.m2\repository\org\glassfish\jersey\ext\jersey-entity-filtering\2.22.1\jersey-entity-filtering-2.22.1.jar;C:\Users\DANIIL\.m2\repository\com\fasterxml\jackson\jaxrs\jackson-jaxrs-base\2.5.4\jackson-jaxrs-base-2.5.4.jar;C:\Users\DANIIL\.m2\repository\com\fasterxml\jackson\core\jackson-core\2.5.4\jackson-core-2.5.4.jar;C:\Users\DANIIL\.m2\repository\com\fasterxml\jackson\core\jackson-databind\2.5.4\jackson-databind-2.5.4.jar;C:\Users\DANIIL\.m2\repository\com\fasterxml\jackson\jaxrs\jackson-jaxrs-json-provider\2.5.4\jackson-jaxrs-json-provider-2.5.4.jar;C:\Users\DANIIL\.m2\repository\com\fasterxml\jackson\module\jackson-module-jaxb-annotations\2.5.4\jackson-module-jaxb-annotations-2.5.4.jar;C:\Users\DANIIL\.m2\repository\com\fasterxml\jackson\core\jackson-annotations\2.5.4\jackson-annotations-2.5.4.jar;C:\Users\DANIIL\.m2\repository\org\glassfish\jersey\core\jersey-client\2.0-m05-2\jersey-client-2.0-m05-2.jar;C:\Users\DANIIL\.m2\repository\com\googlecode\guava-osgi\guava-osgi\11.0.1\guava-osgi-11.0.1.jar;C:\Users\DANIIL\.m2\repository\org\glassfish\hk2\hk2-api\2.1.17\hk2-api-2.1.17.jar;C:\Users\DANIIL\.m2\repository\org\glassfish\hk2\osgi-resource-locator\1.0.1\osgi-resource-locator-1.0.1.jar;C:\Users\DANIIL\.m2\repository\javax\inject\javax.inject\1\javax.inject-1.jar;C:\Users\DANIIL\.m2\repository\org\glassfish\hk2\hk2-utils\2.1.17\hk2-utils-2.1.17.jar;C:\Users\DANIIL\.m2\repository\org\glassfish\hk2\hk2-locator\2.1.17\hk2-locator-2.1.17.jar;C:\Users\DANIIL\.m2\repository\org\glassfish\hk2\external\javax.inject\2.1.17\javax.inject-2.1.17.jar;C:\Users\DANIIL\.m2\repository\org\glassfish\hk2\external\asm-all-repackaged\2.1.17\asm-all-repackaged-2.1.17.jar;C:\Users\DANIIL\.m2\repository\org\glassfish\hk2\external\cglib\2.1.17\cglib-2.1.17.jar;C:\Users\DANIIL\.m2\repository\org\hibernate\javax\persistence\hibernate-jpa-2.1-api\1.0.0.Final\hibernate-jpa-2.1-api-1.0.0.Final.jar;C:\Users\DANIIL\.m2\repository\org\jboss\spec\javax\ejb\jboss-ejb-api_3.2_spec\1.0.0.Final\jboss-ejb-api_3.2_spec-1.0.0.Final.jar;C:\Users\DANIIL\.m2\repository\org\hibernate\validator\hibernate-validator\6.1.0.Final\hibernate-validator-6.1.0.Final.jar;C:\Users\DANIIL\.m2\repository\jakarta\validation\jakarta.validation-api\2.0.2\jakarta.validation-api-2.0.2.jar;C:\Users\DANIIL\.m2\repository\org\jboss\logging\jboss-logging\3.3.2.Final\jboss-logging-3.3.2.Final.jar;C:\Users\DANIIL\.m2\repository\com\fasterxml\classmate\1.3.4\classmate-1.3.4.jar;C:\Users\DANIIL\.m2\repository\org\hibernate\hibernate-entitymanager\5.0.5.Final\hibernate-entitymanager-5.0.5.Final.jar;C:\Users\DANIIL\.m2\repository\org\hibernate\hibernate-core\5.0.5.Final\hibernate-core-5.0.5.Final.jar;C:\Users\DANIIL\.m2\repository\antlr\antlr\2.7.7\antlr-2.7.7.jar;C:\Users\DANIIL\.m2\repository\org\jboss\jandex\2.0.0.Final\jandex-2.0.0.Final.jar;C:\Users\DANIIL\.m2\repository\dom4j\dom4j\1.6.1\dom4j-1.6.1.jar;C:\Users\DANIIL\.m2\repository\xml-apis\xml-apis\1.0.b2\xml-apis-1.0.b2.jar;C:\Users\DANIIL\.m2\repository\org\hibernate\common\hibernate-commons-annotations\5.0.1.Final\hibernate-commons-annotations-5.0.1.Final.jar;C:\Users\DANIIL\.m2\repository\org\jboss\spec\javax\faces\jboss-jsf-api_2.2_spec\2.2.13\jboss-jsf-api_2.2_spec-2.2.13.jar;C:\Users\DANIIL\.m2\repository\org\hibernate\hibernate-jpamodelgen\5.2.12.Final\hibernate-jpamodelgen-5.2.12.Final.jar;C:\Users\DANIIL\.m2\repository\org\hibernate\hibernate-validator-annotation-processor\5.1.3.Final\hibernate-validator-annotation-processor-5.1.3.Final.jar;C:\Users\DANIIL\.m2\repository\org\projectlombok\lombok\1.18.24\lombok-1.18.24.jar;C:\Users\DANIIL\.m2\repository\org\jboss\arquillian\junit\arquillian-junit-container\1.1.10.Final\arquillian-junit-container-1.1.10.Final.jar;C:\Users\DANIIL\.m2\repository\org\jboss\arquillian\junit\arquillian-junit-core\1.1.10.Final\arquillian-junit-core-1.1.10.Final.jar;C:\Users\DANIIL\.m2\repository\org\jboss\arquillian\test\arquillian-test-api\1.1.10.Final\arquillian-test-api-1.1.10.Final.jar;C:\Users\DANIIL\.m2\repository\org\jboss\arquillian\core\arquillian-core-api\1.1.10.Final\arquillian-core-api-1.1.10.Final.jar;C:\Users\DANIIL\.m2\repository\org\jboss\arquillian\test\arquillian-test-spi\1.1.10.Final\arquillian-test-spi-1.1.10.Final.jar;C:\Users\DANIIL\.m2\repository\org\jboss\arquillian\core\arquillian-core-spi\1.1.10.Final\arquillian-core-spi-1.1.10.Final.jar;C:\Users\DANIIL\.m2\repository\org\jboss\arquillian\container\arquillian-container-test-api\1.1.10.Final\arquillian-container-test-api-1.1.10.Final.jar;C:\Users\DANIIL\.m2\repository\org\jboss\shrinkwrap\shrinkwrap-api\1.2.2\shrinkwrap-api-1.2.2.jar;C:\Users\DANIIL\.m2\repository\org\jboss\arquillian\container\arquillian-container-test-spi\1.1.10.Final\arquillian-container-test-spi-1.1.10.Final.jar;C:\Users\DANIIL\.m2\repository\org\jboss\arquillian\core\arquillian-core-impl-base\1.1.10.Final\arquillian-core-impl-base-1.1.10.Final.jar;C:\Users\DANIIL\.m2\repository\org\jboss\arquillian\test\arquillian-test-impl-base\1.1.10.Final\arquillian-test-impl-base-1.1.10.Final.jar;C:\Users\DANIIL\.m2\repository\org\jboss\arquillian\container\arquillian-container-impl-base\1.1.10.Final\arquillian-container-impl-base-1.1.10.Final.jar;C:\Users\DANIIL\.m2\repository\org\jboss\arquillian\config\arquillian-config-api\1.1.10.Final\arquillian-config-api-1.1.10.Final.jar;C:\Users\DANIIL\.m2\repository\org\jboss\arquillian\config\arquillian-config-impl-base\1.1.10.Final\arquillian-config-impl-base-1.1.10.Final.jar;C:\Users\DANIIL\.m2\repository\org\jboss\arquillian\container\arquillian-container-test-impl-base\1.1.10.Final\arquillian-container-test-impl-base-1.1.10.Final.jar;C:\Users\DANIIL\.m2\repository\org\jboss\shrinkwrap\shrinkwrap-impl-base\1.2.2\shrinkwrap-impl-base-1.2.2.jar;C:\Users\DANIIL\.m2\repository\org\jboss\shrinkwrap\shrinkwrap-spi\1.2.2\shrinkwrap-spi-1.2.2.jar;C:\Users\DANIIL\.m2\repository\org\jboss\arquillian\protocol\arquillian-protocol-servlet\1.0.3.Final\arquillian-protocol-servlet-1.0.3.Final.jar;C:\Users\DANIIL\.m2\repository\org\jboss\arquillian\container\arquillian-container-spi\1.0.3.Final\arquillian-container-spi-1.0.3.Final.jar;C:\Users\DANIIL\.m2\repository\org\jboss\shrinkwrap\descriptors\shrinkwrap-descriptors-api-base\2.0.0-alpha-3\shrinkwrap-descriptors-api-base-2.0.0-alpha-3.jar;C:\Users\DANIIL\.m2\repository\org\jboss\shrinkwrap\descriptors\shrinkwrap-descriptors-spi\2.0.0-alpha-3\shrinkwrap-descriptors-spi-2.0.0-alpha-3.jar;"/>
    <property name="sun.cpu.endian" value="little"/>
    <property name="user.home" value="C:\Users\DANIIL"/>
    <property name="user.language" value="en"/>
    <property name="java.specification.vendor" value="Oracle Corporation"/>
    <property name="java.version.date" value="2023-01-17"/>
    <property name="java.home" value="C:\Program Files\Java\jdk-17"/>
    <property name="file.separator" value="\"/>
    <property name="basedir" value="C:\Users\DANIIL\eclipse-workspace\car-factory\car-factory-rest"/>
    <property name="java.vm.compressedOopsMode" value="Zero based"/>
    <property name="line.separator" value="&#10;"/>
    <property name="java.vm.specification.vendor" value="Oracle Corporation"/>
    <property name="java.specification.name" value="Java Platform API Specification"/>
    <property name="surefire.real.class.path" value="C:\Users\DANIIL\AppData\Local\Temp\surefire14318541304187134202\surefirebooter-20241021042540259_6.jar"/>
    <property name="user.script" value=""/>
    <property name="sun.management.compiler" value="HotSpot 64-Bit Tiered Compilers"/>
    <property name="java.runtime.version" value="17.0.6+9-LTS-190"/>
    <property name="user.name" value="Daniel"/>
    <property name="path.separator" value=";"/>
    <property name="os.version" value="10.0"/>
    <property name="java.runtime.name" value="Java(TM) SE Runtime Environment"/>
    <property name="file.encoding" value="Cp1251"/>
    <property name="java.vm.name" value="Java HotSpot(TM) 64-Bit Server VM"/>
    <property name="localRepository" value="C:\Users\DANIIL\.m2\repository"/>
    <property name="java.vendor.url.bug" value="https://bugreport.java.com/bugreport/"/>
    <property name="java.io.tmpdir" value="C:\Users\DANIIL\AppData\Local\Temp\"/>
    <property name="java.version" value="17.0.6"/>
    <property name="user.dir" value="C:\Users\DANIIL\eclipse-workspace\car-factory\car-factory-rest"/>
    <property name="os.arch" value="amd64"/>
    <property name="java.vm.specification.name" value="Java Virtual Machine Specification"/>
    <property name="sun.os.patch.level" value=""/>
    <property name="native.encoding" value="Cp1251"/>
    <property name="java.library.path" value="C:\Program Files\Java\jdk-17\bin;C:\Windows\Sun\Java\bin;C:\Windows\system32;C:\Windows;C:/Users/DANIIL/Downloads/eclipse-jee-2024-09-R-win32-x86_64/eclipse//plugins/org.eclipse.justj.openjdk.hotspot.jre.full.win32.x86_64_21.0.4.v20240802-1551/jre/bin/server;C:/Users/DANIIL/Downloads/eclipse-jee-2024-09-R-win32-x86_64/eclipse//plugins/org.eclipse.justj.openjdk.hotspot.jre.full.win32.x86_64_21.0.4.v20240802-1551/jre/bin;C:\Program Files\MySQL\MySQL Server 8.0\bin;C:\ProgramData\chocolatey\bin;C:\Program Files\dotnet\;C:\Program Files\nodejs\;C:\Windows\System32\WindowsPowerShell\v1.0;C:\Windows\System32\wbem;&quot;C:\Windows\System32\Wbem;C:\Windows\System32\;SystemRoot%&quot;;C:\Windows\system32;;C:\Program Files\Docker\Docker\resources\bin;C:\Program Files\MySQL\MySQL Shell 8.0\bin\;C:\Users\ISLAM\AppData\Local\Programs\Python\Python39\Scripts\;C:\Users\ISLAM\AppData\Local\Programs\Python\Python39\;C:\Ruby31-x64\bin;C:\Users\ISLAM\AppData\Local\Microsoft\WindowsApps;C:\Users\ISLAM\AppData\Local\Programs\Microsoft VS Code\bin;C:\Program Files\JetBrains\PyCharm Community Edition 2021.2.3\bin;C:\Users\ISLAM\AppData\Local\GitHubDesktop\bin;C:\Users\ISLAM\.dotnet\tools;C:\Users\ISLAM\AppData\Local\Programs\Fiddler;C:\Users\DANIIL\.dotnet\tools;C:\Program Files\JetBrains\IntelliJ IDEA 2024.2.1\bin;;C:\Program Files\PostgreSQL\14\bin;C:\Program Files (x86)\alfresco;C:\Program Files\Java\jdk-17\bin;C:\Program Files\MySQL\MySQL Server 8.0\bin;C:\Program Files\Java\jdk1.8.0_121\bin;C:\Users\DANIIL\AppData\Roaming\npm;C:\Program Files\Git\bin;C:\Program Files\Docker\Docker\resources\bin;C:\Windows\System32\wbem;C:\Windows\SysWOW64\wbem;C:\Maven\apache-maven-3.9.8\bin;;C:\Windows\system32;;."/>
    <property name="java.vm.info" value="mixed mode, sharing"/>
    <property name="java.vendor" value="Oracle Corporation"/>
    <property name="java.vm.version" value="17.0.6+9-LTS-190"/>
    <property name="sun.io.unicode.encoding" value="UnicodeLittle"/>
    <property name="java.class.version" value="61.0"/>
  </properties>
  <testcase name="testApp" classname="org.car_factory_rest.car_factory_rest.AppTest" time="0.001"/>
</testsuite>